2024-05-07T12:08:07.389689100255-12:08:07 **** Incremental Build of configuration Debug for project mnist_try_1_application_system ****
000-make all 
000-Generating bif file for the system project
000-generate_system_bif.bat 59622 C:/Users/miles/Projects/fpga/mnist_neuralnet/prototype/Zynq_C_imp/Zynq_C_PS/export/Zynq_C_PS/Zynq_C_PS.xpfm standalone_domain C:/Users/miles/Projects/fpga/mnist_neuralnet/prototype/Zynq_C_imp/mnist_try_1_application_system/Debug/system.bif
000-sdcard_gen --xpfm C:/Users/miles/Projects/fpga/mnist_neuralnet/prototype/Zynq_C_imp/Zynq_C_PS/export/Zynq_C_PS/Zynq_C_PS.xpfm --sys_config Zynq_C_PS --bif C:/Users/miles/Projects/fpga/mnist_neuralnet/prototype/Zynq_C_imp/mnist_try_1_application_system/Debug/system.bif --bitstream C:/Users/miles/Projects/fpga/mnist_neuralnet/prototype/Zynq_C_imp/mnist_try_1_application/_ide/bitstream/zynq_only_wrapper.bit --elf C:/Users/miles/Projects/fpga/mnist_neuralnet/prototype/Zynq_C_imp/mnist_try_1_application/Debug/mnist_try_1_application.elf,ps7_cortexa9_0
000-ELF does not exist: C:/Users/miles/Projects/fpga/mnist_neuralnet/prototype/Zynq_C_imp/mnist_try_1_application/Debug/mnist_try_1_application.elf
000/mnist_try_1_application_system/Debug0-1-1make: *** [makefile:37: sd_card] Error 12-make: *** [makefile:37: sd_card] Error 1
00255-
12:08:10 Build Finished (took 3s.96ms)

